<?xml version="1.0" encoding="UTF-8"?>
<!-- Generated by org.testng.reporters.JUnitXMLReporter -->
<testsuite ignored="2" hostname="DESKTOP-FEV99MM" failures="0" tests="1" name="Default test" time="37.034" errors="0" timestamp="2023-05-05T14:39:16 PKT">
  <testcase classname="com.tutorialninja.qa.testcases.SearchTest" name="searchempty" time="1.002"/>
  <testcase classname="com.tutorialninja.qa.testcases.SearchTest" name="searchInvalid" time="0.0">
    <ignored/>
  </testcase> <!-- searchInvalid -->
  <testcase classname="com.tutorialninja.qa.testcases.SearchTest" name="searchValid" time="0.0">
    <ignored/>
  </testcase> <!-- searchValid -->
</testsuite> <!-- Default test -->
